<?xml version="1.0" encoding="UTF-8"?>
<testng-results ignored="0" total="1" passed="1" failed="0" skipped="0">
  <reporter-output>
  </reporter-output>
  <suite started-at="2024-05-22T18:16:16 IST" name="Default suite" finished-at="2024-05-22T18:16:22 IST" duration-ms="6480">
    <groups>
    </groups>
    <test started-at="2024-05-22T18:16:16 IST" name="Default test" finished-at="2024-05-22T18:16:22 IST" duration-ms="6480">
      <class name="PostRequests.WaysToCreatePostReq">
        <test-method signature="ExternalJSONFile()[pri:0, instance:PostRequests.WaysToCreatePostReq@4cc451f2]" started-at="2024-05-22T18:16:16 IST" name="ExternalJSONFile" finished-at="2024-05-22T18:16:22 IST" duration-ms="6387" status="PASS">
          <reporter-output>
          </reporter-output>
        </test-method> <!-- ExternalJSONFile -->
      </class> <!-- PostRequests.WaysToCreatePostReq -->
    </test> <!-- Default test -->
  </suite> <!-- Default suite -->
</testng-results>
